<?xml version="1.0" encoding="UTF-8"?>
<!-- Generated by org.testng.reporters.JUnitXMLReporter -->
<testsuite ignored="0" hostname="SEZ-DESK-159" failures="0" tests="4" name="Default test" time="62.947" errors="0" timestamp="06 Apr 2022 07:56:48 GMT">
  <testcase classname="Wishup.Wishup_Login.Login" name="loginFunctionality" time="6.409"/>
  <testcase classname="Wishup.Wishup_Login.Login" name="loginFunctionality" time="3.249"/>
  <testcase classname="Wishup.Wishup_Login.Login" name="loginFunctionality" time="3.436"/>
  <testcase classname="Wishup.Wishup_Login.Login" name="loginFunctionality" time="5.065"/>
</testsuite> <!-- Default test -->
