<?xml version="1.0" encoding="UTF-8"?>
<!-- Generated by org.testng.reporters.JUnitXMLReporter -->
<testsuite ignored="0" hostname="SEZ-DESK-159" failures="0" tests="4" name="Default test" time="57.006" errors="0" timestamp="06 Apr 2022 06:17:34 GMT">
  <testcase classname="Wishup.Wishup_Login.Login" name="loginFunctionality" time="7.544"/>
  <testcase classname="Wishup.Wishup_Login.Login" name="loginFunctionality" time="3.795"/>
  <testcase classname="Wishup.Wishup_Login.Login" name="loginFunctionality" time="3.341"/>
  <testcase classname="Wishup.Wishup_Login.Login" name="loginFunctionality" time="2.574"/>
</testsuite> <!-- Default test -->
