<?xml version="1.0" encoding="UTF-8"?>
<!-- Generated by org.testng.reporters.JUnitXMLReporter -->
<testsuite ignored="0" hostname="SEZ-DESK-159" failures="0" tests="4" name="Test" time="60.385" errors="0" timestamp="2022-04-05T23:00:16 IST">
  <testcase classname="Wishup.Wishup_Login.Login" name="loginFunctionality" time="21.193"/>
  <testcase classname="Wishup.Wishup_Login.Login" name="loginFunctionality" time="13.848"/>
  <testcase classname="Wishup.Wishup_Login.Login" name="loginFunctionality" time="12.968"/>
  <testcase classname="Wishup.Wishup_Login.Login" name="loginFunctionality" time="12.046"/>
</testsuite> <!-- Test -->
