<?xml version="1.0" encoding="UTF-8"?>
<!-- Generated by org.testng.reporters.JUnitXMLReporter -->
<testsuite ignored="0" hostname="SEZ-DESK-159" failures="0" tests="4" name="Test" time="57.839" errors="0" timestamp="2022-04-06T13:24:34 IST">
  <testcase classname="Wishup.Wishup_Login.Login" name="loginFunctionality" time="7.331"/>
  <testcase classname="Wishup.Wishup_Login.Login" name="loginFunctionality" time="2.488"/>
  <testcase classname="Wishup.Wishup_Login.Login" name="loginFunctionality" time="4.571"/>
  <testcase classname="Wishup.Wishup_Login.Login" name="loginFunctionality" time="3.12"/>
</testsuite> <!-- Test -->
