<?xml version="1.0" encoding="UTF-8"?>
<testng-results ignored="0" total="4" passed="4" failed="0" skipped="0">
  <reporter-output>
  </reporter-output>
  <suite started-at="2022-04-06T13:23:36 IST" name="Suite" finished-at="2022-04-06T13:24:34 IST" duration-ms="57839">
    <groups>
    </groups>
    <test started-at="2022-04-06T13:23:36 IST" name="Test" finished-at="2022-04-06T13:24:34 IST" duration-ms="57839">
      <class name="Wishup.Wishup_Login.Login">
        <test-method is-config="true" signature="openBrowser()[pri:0, instance:Wishup.Wishup_Login.Login@2b43529a]" started-at="2022-04-06T13:23:37 IST" name="openBrowser" finished-at="2022-04-06T13:23:51 IST" duration-ms="14817" status="PASS">
          <reporter-output>
          </reporter-output>
        </test-method> <!-- openBrowser -->
        <test-method signature="loginFunctionality(java.lang.String,java.lang.String,java.lang.String)[pri:0, instance:Wishup.Wishup_Login.Login@2b43529a]" started-at="2022-04-06T13:23:51 IST" name="loginFunctionality" data-provider="getData" finished-at="2022-04-06T13:23:59 IST" duration-ms="7331" status="PASS">
          <params>
            <param index="0">
              <value>
                <![CDATA[Valid Credentials]]>
              </value>
            </param>
            <param index="1">
              <value>
                <![CDATA[wishup_testuser1@gmail.com]]>
              </value>
            </param>
            <param index="2">
              <value>
                <![CDATA[testpw1]]>
              </value>
            </param>
          </params>
          <reporter-output>
          </reporter-output>
        </test-method> <!-- loginFunctionality -->
        <test-method is-config="true" signature="closeBrowser()[pri:0, instance:Wishup.Wishup_Login.Login@2b43529a]" started-at="2022-04-06T13:23:59 IST" name="closeBrowser" finished-at="2022-04-06T13:23:59 IST" duration-ms="226" status="PASS">
          <reporter-output>
          </reporter-output>
        </test-method> <!-- closeBrowser -->
        <test-method is-config="true" signature="openBrowser()[pri:0, instance:Wishup.Wishup_Login.Login@2b43529a]" started-at="2022-04-06T13:23:59 IST" name="openBrowser" finished-at="2022-04-06T13:24:07 IST" duration-ms="7945" status="PASS">
          <reporter-output>
          </reporter-output>
        </test-method> <!-- openBrowser -->
        <test-method signature="loginFunctionality(java.lang.String,java.lang.String,java.lang.String)[pri:0, instance:Wishup.Wishup_Login.Login@2b43529a]" started-at="2022-04-06T13:24:07 IST" name="loginFunctionality" data-provider="getData" finished-at="2022-04-06T13:24:09 IST" duration-ms="2488" status="PASS">
          <params>
            <param index="0">
              <value>
                <![CDATA[Invalid Credentials]]>
              </value>
            </param>
            <param index="1">
              <value>
                <![CDATA[wishup_testuser10@gmail.com]]>
              </value>
            </param>
            <param index="2">
              <value>
                <![CDATA[testpw20]]>
              </value>
            </param>
          </params>
          <reporter-output>
          </reporter-output>
        </test-method> <!-- loginFunctionality -->
        <test-method is-config="true" signature="closeBrowser()[pri:0, instance:Wishup.Wishup_Login.Login@2b43529a]" started-at="2022-04-06T13:24:09 IST" name="closeBrowser" finished-at="2022-04-06T13:24:10 IST" duration-ms="177" status="PASS">
          <reporter-output>
          </reporter-output>
        </test-method> <!-- closeBrowser -->
        <test-method is-config="true" signature="openBrowser()[pri:0, instance:Wishup.Wishup_Login.Login@2b43529a]" started-at="2022-04-06T13:24:10 IST" name="openBrowser" finished-at="2022-04-06T13:24:18 IST" duration-ms="8013" status="PASS">
          <reporter-output>
          </reporter-output>
        </test-method> <!-- openBrowser -->
        <test-method signature="loginFunctionality(java.lang.String,java.lang.String,java.lang.String)[pri:0, instance:Wishup.Wishup_Login.Login@2b43529a]" started-at="2022-04-06T13:24:18 IST" name="loginFunctionality" data-provider="getData" finished-at="2022-04-06T13:24:22 IST" duration-ms="4571" status="PASS">
          <params>
            <param index="0">
              <value>
                <![CDATA[onlyCorrectEmail]]>
              </value>
            </param>
            <param index="1">
              <value>
                <![CDATA[wishup_testuser2@gmail.com]]>
              </value>
            </param>
            <param index="2">
              <value>
                <![CDATA[testpw2]]>
              </value>
            </param>
          </params>
          <reporter-output>
          </reporter-output>
        </test-method> <!-- loginFunctionality -->
        <test-method is-config="true" signature="closeBrowser()[pri:0, instance:Wishup.Wishup_Login.Login@2b43529a]" started-at="2022-04-06T13:24:22 IST" name="closeBrowser" finished-at="2022-04-06T13:24:22 IST" duration-ms="187" status="PASS">
          <reporter-output>
          </reporter-output>
        </test-method> <!-- closeBrowser -->
        <test-method is-config="true" signature="openBrowser()[pri:0, instance:Wishup.Wishup_Login.Login@2b43529a]" started-at="2022-04-06T13:24:22 IST" name="openBrowser" finished-at="2022-04-06T13:24:31 IST" duration-ms="8712" status="PASS">
          <reporter-output>
          </reporter-output>
        </test-method> <!-- openBrowser -->
        <test-method signature="loginFunctionality(java.lang.String,java.lang.String,java.lang.String)[pri:0, instance:Wishup.Wishup_Login.Login@2b43529a]" started-at="2022-04-06T13:24:31 IST" name="loginFunctionality" data-provider="getData" finished-at="2022-04-06T13:24:34 IST" duration-ms="3120" status="PASS">
          <params>
            <param index="0">
              <value>
                <![CDATA[onlyCorrectPassword]]>
              </value>
            </param>
            <param index="1">
              <value>
                <![CDATA[wishup_testuser10@gmail.com]]>
              </value>
            </param>
            <param index="2">
              <value>
                <![CDATA[testpw1]]>
              </value>
            </param>
          </params>
          <reporter-output>
          </reporter-output>
        </test-method> <!-- loginFunctionality -->
        <test-method is-config="true" signature="closeBrowser()[pri:0, instance:Wishup.Wishup_Login.Login@2b43529a]" started-at="2022-04-06T13:24:34 IST" name="closeBrowser" finished-at="2022-04-06T13:24:34 IST" duration-ms="187" status="PASS">
          <reporter-output>
          </reporter-output>
        </test-method> <!-- closeBrowser -->
      </class> <!-- Wishup.Wishup_Login.Login -->
    </test> <!-- Test -->
  </suite> <!-- Suite -->
</testng-results>
