<?xml version="1.0" encoding="UTF-8"?>
<testsuite xmlns:xsi="http://www.w3.org/2001/XMLSchema-instance" xsi:noNamespaceSchemaLocation="https://maven.apache.org/surefire/maven-surefire-plugin/xsd/surefire-test-report-3.0.xsd" version="3.0" name="TestSuite" time="62.493" tests="4" errors="0" skipped="0" failures="0">
  <properties>
[...]
</properties>
  <testcase name="loginFunctionality[Valid Credentials, wishup_testuser1@gmail.com, testpw1](1)" classname="Wishup.Wishup_Login.Login" time="21.197">
    <system-out><![CDATA[chrome
]]></system-out>
    <system-err><![CDATA[SLF4J: Failed to load class "org.slf4j.impl.StaticLoggerBinder".
SLF4J: Defaulting to no-operation (NOP) logger implementation
SLF4J: See http://www.slf4j.org/codes.html#StaticLoggerBinder for further details.
Starting ChromeDriver 98.0.4758.80 (7f0488e8ba0d8e019187c6325a16c29d9b7f4989-refs/branch-heads/4758@{#972}) on port 55764
Only local connections are allowed.
Please see https://chromedriver.chromium.org/security-considerations for suggestions on keeping ChromeDriver safe.
ChromeDriver was started successfully.
[1649179760.830][WARNING]: This version of ChromeDriver has not been tested with Chrome version 99.
Apr 05, 2022 10:59:20 PM org.openqa.selenium.remote.ProtocolHandshake createSession
INFO: Detected dialect: W3C
Apr 05, 2022 10:59:21 PM org.openqa.selenium.devtools.CdpVersionFinder findNearestMatch
INFO: Found exact CDP implementation for version 99
]]></system-err>
  </testcase>
  <testcase name="loginFunctionality[Invalid Credentials, wishup_testuser10@gmail.com, testpw20](2)" classname="Wishup.Wishup_Login.Login" time="13.845">
    <system-out><![CDATA[chrome
]]></system-out>
    <system-err><![CDATA[Starting ChromeDriver 98.0.4758.80 (7f0488e8ba0d8e019187c6325a16c29d9b7f4989-refs/branch-heads/4758@{#972}) on port 57581
Only local connections are allowed.
Please see https://chromedriver.chromium.org/security-considerations for suggestions on keeping ChromeDriver safe.
ChromeDriver was started successfully.
[1649179779.349][WARNING]: This version of ChromeDriver has not been tested with Chrome version 99.
Apr 05, 2022 10:59:39 PM org.openqa.selenium.remote.ProtocolHandshake createSession
INFO: Detected dialect: W3C
Apr 05, 2022 10:59:39 PM org.openqa.selenium.devtools.CdpVersionFinder findNearestMatch
INFO: Found exact CDP implementation for version 99
]]></system-err>
  </testcase>
  <testcase name="loginFunctionality[onlyCorrectEmail, wishup_testuser2@gmail.com, testpw2](3)" classname="Wishup.Wishup_Login.Login" time="12.969">
    <system-out><![CDATA[chrome
]]></system-out>
    <system-err><![CDATA[Starting ChromeDriver 98.0.4758.80 (7f0488e8ba0d8e019187c6325a16c29d9b7f4989-refs/branch-heads/4758@{#972}) on port 52792
Only local connections are allowed.
Please see https://chromedriver.chromium.org/security-considerations for suggestions on keeping ChromeDriver safe.
ChromeDriver was started successfully.
[1649179793.586][WARNING]: This version of ChromeDriver has not been tested with Chrome version 99.
Apr 05, 2022 10:59:53 PM org.openqa.selenium.remote.ProtocolHandshake createSession
INFO: Detected dialect: W3C
Apr 05, 2022 10:59:53 PM org.openqa.selenium.devtools.CdpVersionFinder findNearestMatch
INFO: Found exact CDP implementation for version 99
]]></system-err>
  </testcase>
  <testcase name="loginFunctionality[onlyCorrectPassword, wishup_testuser10@gmail.com, testpw1](4)" classname="Wishup.Wishup_Login.Login" time="12.046">
    <system-out><![CDATA[chrome
]]></system-out>
    <system-err><![CDATA[Starting ChromeDriver 98.0.4758.80 (7f0488e8ba0d8e019187c6325a16c29d9b7f4989-refs/branch-heads/4758@{#972}) on port 49412
Only local connections are allowed.
Please see https://chromedriver.chromium.org/security-considerations for suggestions on keeping ChromeDriver safe.
ChromeDriver was started successfully.
[1649179806.105][WARNING]: This version of ChromeDriver has not been tested with Chrome version 99.
Apr 05, 2022 11:00:06 PM org.openqa.selenium.remote.ProtocolHandshake createSession
INFO: Detected dialect: W3C
Apr 05, 2022 11:00:06 PM org.openqa.selenium.devtools.CdpVersionFinder findNearestMatch
INFO: Found exact CDP implementation for version 99
]]></system-err>
  </testcase>
</testsuite>