<?xml version="1.0" encoding="UTF-8"?>
<testng-results ignored="0" total="4" passed="4" failed="0" skipped="0">
  <reporter-output>
  </reporter-output>
  <suite started-at="2022-04-06T07:55:45Z" name="Default suite" finished-at="2022-04-06T07:56:48Z" duration-ms="62947">
    <groups>
    </groups>
    <test started-at="2022-04-06T07:55:45Z" name="Default test" finished-at="2022-04-06T07:56:48Z" duration-ms="62947">
      <class name="Wishup.Wishup_Login.Login">
        <test-method is-config="true" signature="openBrowser()[pri:0, instance:Wishup.Wishup_Login.Login@51cd7ffc]" started-at="2022-04-06T13:25:45Z" name="openBrowser" finished-at="2022-04-06T13:25:56Z" duration-ms="10630" status="PASS">
          <reporter-output>
          </reporter-output>
        </test-method> <!-- openBrowser -->
        <test-method signature="loginFunctionality(java.lang.String, java.lang.String, java.lang.String)[pri:0, instance:Wishup.Wishup_Login.Login@51cd7ffc]" started-at="2022-04-06T13:25:56Z" name="loginFunctionality" data-provider="getData" finished-at="2022-04-06T13:26:02Z" duration-ms="6409" status="PASS">
          <params>
            <param index="0">
              <value>
                <![CDATA[Valid Credentials]]>
              </value>
            </param>
            <param index="1">
              <value>
                <![CDATA[wishup_testuser1@gmail.com]]>
              </value>
            </param>
            <param index="2">
              <value>
                <![CDATA[testpw1]]>
              </value>
            </param>
          </params>
          <reporter-output>
          </reporter-output>
        </test-method> <!-- loginFunctionality -->
        <test-method is-config="true" signature="closeBrowser()[pri:0, instance:Wishup.Wishup_Login.Login@51cd7ffc]" started-at="2022-04-06T13:26:02Z" name="closeBrowser" finished-at="2022-04-06T13:26:03Z" duration-ms="227" status="PASS">
          <reporter-output>
          </reporter-output>
        </test-method> <!-- closeBrowser -->
        <test-method is-config="true" signature="openBrowser()[pri:0, instance:Wishup.Wishup_Login.Login@51cd7ffc]" started-at="2022-04-06T13:26:03Z" name="openBrowser" finished-at="2022-04-06T13:26:12Z" duration-ms="9845" status="PASS">
          <reporter-output>
          </reporter-output>
        </test-method> <!-- openBrowser -->
        <test-method signature="loginFunctionality(java.lang.String, java.lang.String, java.lang.String)[pri:0, instance:Wishup.Wishup_Login.Login@51cd7ffc]" started-at="2022-04-06T13:26:12Z" name="loginFunctionality" data-provider="getData" finished-at="2022-04-06T13:26:16Z" duration-ms="3249" status="PASS">
          <params>
            <param index="0">
              <value>
                <![CDATA[Invalid Credentials]]>
              </value>
            </param>
            <param index="1">
              <value>
                <![CDATA[wishup_testuser10@gmail.com]]>
              </value>
            </param>
            <param index="2">
              <value>
                <![CDATA[testpw20]]>
              </value>
            </param>
          </params>
          <reporter-output>
          </reporter-output>
        </test-method> <!-- loginFunctionality -->
        <test-method is-config="true" signature="closeBrowser()[pri:0, instance:Wishup.Wishup_Login.Login@51cd7ffc]" started-at="2022-04-06T13:26:16Z" name="closeBrowser" finished-at="2022-04-06T13:26:16Z" duration-ms="130" status="PASS">
          <reporter-output>
          </reporter-output>
        </test-method> <!-- closeBrowser -->
        <test-method is-config="true" signature="openBrowser()[pri:0, instance:Wishup.Wishup_Login.Login@51cd7ffc]" started-at="2022-04-06T13:26:16Z" name="openBrowser" finished-at="2022-04-06T13:26:28Z" duration-ms="12175" status="PASS">
          <reporter-output>
          </reporter-output>
        </test-method> <!-- openBrowser -->
        <test-method signature="loginFunctionality(java.lang.String, java.lang.String, java.lang.String)[pri:0, instance:Wishup.Wishup_Login.Login@51cd7ffc]" started-at="2022-04-06T13:26:28Z" name="loginFunctionality" data-provider="getData" finished-at="2022-04-06T13:26:31Z" duration-ms="3436" status="PASS">
          <params>
            <param index="0">
              <value>
                <![CDATA[onlyCorrectEmail]]>
              </value>
            </param>
            <param index="1">
              <value>
                <![CDATA[wishup_testuser2@gmail.com]]>
              </value>
            </param>
            <param index="2">
              <value>
                <![CDATA[testpw2]]>
              </value>
            </param>
          </params>
          <reporter-output>
          </reporter-output>
        </test-method> <!-- loginFunctionality -->
        <test-method is-config="true" signature="closeBrowser()[pri:0, instance:Wishup.Wishup_Login.Login@51cd7ffc]" started-at="2022-04-06T13:26:31Z" name="closeBrowser" finished-at="2022-04-06T13:26:34Z" duration-ms="2152" status="PASS">
          <reporter-output>
          </reporter-output>
        </test-method> <!-- closeBrowser -->
        <test-method is-config="true" signature="openBrowser()[pri:0, instance:Wishup.Wishup_Login.Login@51cd7ffc]" started-at="2022-04-06T13:26:34Z" name="openBrowser" finished-at="2022-04-06T13:26:43Z" duration-ms="9401" status="PASS">
          <reporter-output>
          </reporter-output>
        </test-method> <!-- openBrowser -->
        <test-method signature="loginFunctionality(java.lang.String, java.lang.String, java.lang.String)[pri:0, instance:Wishup.Wishup_Login.Login@51cd7ffc]" started-at="2022-04-06T13:26:43Z" name="loginFunctionality" data-provider="getData" finished-at="2022-04-06T13:26:48Z" duration-ms="5065" status="PASS">
          <params>
            <param index="0">
              <value>
                <![CDATA[onlyCorrectPassword]]>
              </value>
            </param>
            <param index="1">
              <value>
                <![CDATA[wishup_testuser10@gmail.com]]>
              </value>
            </param>
            <param index="2">
              <value>
                <![CDATA[testpw1]]>
              </value>
            </param>
          </params>
          <reporter-output>
          </reporter-output>
        </test-method> <!-- loginFunctionality -->
        <test-method is-config="true" signature="closeBrowser()[pri:0, instance:Wishup.Wishup_Login.Login@51cd7ffc]" started-at="2022-04-06T13:26:48Z" name="closeBrowser" finished-at="2022-04-06T13:26:48Z" duration-ms="189" status="PASS">
          <reporter-output>
          </reporter-output>
        </test-method> <!-- closeBrowser -->
      </class> <!-- Wishup.Wishup_Login.Login -->
    </test> <!-- Default test -->
  </suite> <!-- Default suite -->
</testng-results>
