<?xml version="1.0" encoding="UTF-8"?>
<testng-results ignored="0" total="4" passed="4" failed="0" skipped="0">
  <reporter-output>
  </reporter-output>
  <suite started-at="2022-04-06T06:16:37Z" name="Default suite" finished-at="2022-04-06T06:17:34Z" duration-ms="57006">
    <groups>
    </groups>
    <test started-at="2022-04-06T06:16:37Z" name="Default test" finished-at="2022-04-06T06:17:34Z" duration-ms="57006">
      <class name="Wishup.Wishup_Login.Login">
        <test-method is-config="true" signature="openBrowser()[pri:0, instance:Wishup.Wishup_Login.Login@51cd7ffc]" started-at="2022-04-06T11:46:37Z" name="openBrowser" finished-at="2022-04-06T11:46:48Z" duration-ms="11536" status="PASS">
          <reporter-output>
          </reporter-output>
        </test-method> <!-- openBrowser -->
        <test-method signature="loginFunctionality(java.lang.String, java.lang.String, java.lang.String)[pri:0, instance:Wishup.Wishup_Login.Login@51cd7ffc]" started-at="2022-04-06T11:46:48Z" name="loginFunctionality" data-provider="getData" finished-at="2022-04-06T11:46:56Z" duration-ms="7544" status="PASS">
          <params>
            <param index="0">
              <value>
                <![CDATA[Valid Credentials]]>
              </value>
            </param>
            <param index="1">
              <value>
                <![CDATA[wishup_testuser1@gmail.com]]>
              </value>
            </param>
            <param index="2">
              <value>
                <![CDATA[testpw1]]>
              </value>
            </param>
          </params>
          <reporter-output>
          </reporter-output>
        </test-method> <!-- loginFunctionality -->
        <test-method is-config="true" signature="closeBrowser()[pri:0, instance:Wishup.Wishup_Login.Login@51cd7ffc]" started-at="2022-04-06T11:46:56Z" name="closeBrowser" finished-at="2022-04-06T11:46:56Z" duration-ms="228" status="PASS">
          <reporter-output>
          </reporter-output>
        </test-method> <!-- closeBrowser -->
        <test-method is-config="true" signature="openBrowser()[pri:0, instance:Wishup.Wishup_Login.Login@51cd7ffc]" started-at="2022-04-06T11:46:56Z" name="openBrowser" finished-at="2022-04-06T11:47:06Z" duration-ms="9771" status="PASS">
          <reporter-output>
          </reporter-output>
        </test-method> <!-- openBrowser -->
        <test-method signature="loginFunctionality(java.lang.String, java.lang.String, java.lang.String)[pri:0, instance:Wishup.Wishup_Login.Login@51cd7ffc]" started-at="2022-04-06T11:47:06Z" name="loginFunctionality" data-provider="getData" finished-at="2022-04-06T11:47:10Z" duration-ms="3795" status="PASS">
          <params>
            <param index="0">
              <value>
                <![CDATA[Invalid Credentials]]>
              </value>
            </param>
            <param index="1">
              <value>
                <![CDATA[wishup_testuser10@gmail.com]]>
              </value>
            </param>
            <param index="2">
              <value>
                <![CDATA[testpw20]]>
              </value>
            </param>
          </params>
          <reporter-output>
          </reporter-output>
        </test-method> <!-- loginFunctionality -->
        <test-method is-config="true" signature="closeBrowser()[pri:0, instance:Wishup.Wishup_Login.Login@51cd7ffc]" started-at="2022-04-06T11:47:10Z" name="closeBrowser" finished-at="2022-04-06T11:47:10Z" duration-ms="221" status="PASS">
          <reporter-output>
          </reporter-output>
        </test-method> <!-- closeBrowser -->
        <test-method is-config="true" signature="openBrowser()[pri:0, instance:Wishup.Wishup_Login.Login@51cd7ffc]" started-at="2022-04-06T11:47:10Z" name="openBrowser" finished-at="2022-04-06T11:47:19Z" duration-ms="8824" status="PASS">
          <reporter-output>
          </reporter-output>
        </test-method> <!-- openBrowser -->
        <test-method signature="loginFunctionality(java.lang.String, java.lang.String, java.lang.String)[pri:0, instance:Wishup.Wishup_Login.Login@51cd7ffc]" started-at="2022-04-06T11:47:19Z" name="loginFunctionality" data-provider="getData" finished-at="2022-04-06T11:47:22Z" duration-ms="3341" status="PASS">
          <params>
            <param index="0">
              <value>
                <![CDATA[onlyCorrectEmail]]>
              </value>
            </param>
            <param index="1">
              <value>
                <![CDATA[wishup_testuser2@gmail.com]]>
              </value>
            </param>
            <param index="2">
              <value>
                <![CDATA[testpw2]]>
              </value>
            </param>
          </params>
          <reporter-output>
          </reporter-output>
        </test-method> <!-- loginFunctionality -->
        <test-method is-config="true" signature="closeBrowser()[pri:0, instance:Wishup.Wishup_Login.Login@51cd7ffc]" started-at="2022-04-06T11:47:22Z" name="closeBrowser" finished-at="2022-04-06T11:47:22Z" duration-ms="435" status="PASS">
          <reporter-output>
          </reporter-output>
        </test-method> <!-- closeBrowser -->
        <test-method is-config="true" signature="openBrowser()[pri:0, instance:Wishup.Wishup_Login.Login@51cd7ffc]" started-at="2022-04-06T11:47:22Z" name="openBrowser" finished-at="2022-04-06T11:47:31Z" duration-ms="8518" status="PASS">
          <reporter-output>
          </reporter-output>
        </test-method> <!-- openBrowser -->
        <test-method signature="loginFunctionality(java.lang.String, java.lang.String, java.lang.String)[pri:0, instance:Wishup.Wishup_Login.Login@51cd7ffc]" started-at="2022-04-06T11:47:31Z" name="loginFunctionality" data-provider="getData" finished-at="2022-04-06T11:47:34Z" duration-ms="2574" status="PASS">
          <params>
            <param index="0">
              <value>
                <![CDATA[onlyCorrectPassword]]>
              </value>
            </param>
            <param index="1">
              <value>
                <![CDATA[wishup_testuser10@gmail.com]]>
              </value>
            </param>
            <param index="2">
              <value>
                <![CDATA[testpw1]]>
              </value>
            </param>
          </params>
          <reporter-output>
          </reporter-output>
        </test-method> <!-- loginFunctionality -->
        <test-method is-config="true" signature="closeBrowser()[pri:0, instance:Wishup.Wishup_Login.Login@51cd7ffc]" started-at="2022-04-06T11:47:34Z" name="closeBrowser" finished-at="2022-04-06T11:47:34Z" duration-ms="194" status="PASS">
          <reporter-output>
          </reporter-output>
        </test-method> <!-- closeBrowser -->
      </class> <!-- Wishup.Wishup_Login.Login -->
    </test> <!-- Default test -->
  </suite> <!-- Default suite -->
</testng-results>
